SUMMARY OF C0NVERGENCE INFORMATION
  STEP   INC  ATT   ITER     CONT.   RESID.        CORR.      RESID.      CORR.
                              EL.    FORCE         DISP       FLUX        TEMP.
                              (#)     (%)           (%)        (%)         (%)
     3     1     1     1        0  0.3254E+00  0.4171E+01  0.0000E+00  0.0000E+00
     3     1     1     2        0  0.0000E+00  0.6530E-02  0.0000E+00  0.0000E+00
     3     2     1     1        0  0.2709E+00  0.3617E+01  0.0000E+00  0.0000E+00
     3     2     1     2        0  0.0000E+00  0.4204E-02  0.0000E+00  0.0000E+00
     3     3     1     1        0  0.2843E+00  0.5716E+01  0.0000E+00  0.0000E+00
     3     3     1     2        0  0.0000E+00  0.7088E-02  0.0000E+00  0.0000E+00
     3     4     1     1        0  0.2933E+00  0.4139E+01  0.0000E+00  0.0000E+00
     3     4     1     2        0  0.0000E+00  0.5421E-02  0.0000E+00  0.0000E+00
     3     5     1     1        0  0.1899E+00  0.4145E+01  0.0000E+00  0.0000E+00
     3     5     1     2        0  0.0000E+00  0.4077E-02  0.0000E+00  0.0000E+00
     3     6     1     1        0  0.2741E+00  0.4140E+01  0.0000E+00  0.0000E+00
     3     6     1     2        0  0.0000E+00  0.3230E-02  0.0000E+00  0.0000E+00
     3     7     1     1        0  0.1788E+00  0.3522E+01  0.0000E+00  0.0000E+00
     3     7     1     2        0  0.0000E+00  0.2217E-02  0.0000E+00  0.0000E+00
     3     8     1     1        0  0.6266E-01  0.2326E+01  0.0000E+00  0.0000E+00
     3     8     1     2        0  0.0000E+00  0.1045E-02  0.0000E+00  0.0000E+00
     3     9     1     1        0  0.7185E-01  0.2374E+01  0.0000E+00  0.0000E+00
     3     9     1     2        0  0.0000E+00  0.1388E-02  0.0000E+00  0.0000E+00
     3    10     1     1        0  0.6213E-01  0.1995E+01  0.0000E+00  0.0000E+00
     3    10     1     2        0  0.0000E+00  0.1532E-02  0.0000E+00  0.0000E+00
     3    11     1     1        0  0.4360E-01  0.1513E+01  0.0000E+00  0.0000E+00
     3    11     1     2        0  0.0000E+00  0.9641E-03  0.0000E+00  0.0000E+00
     3    12     1     1        0  0.3691E-01  0.1318E+01  0.0000E+00  0.0000E+00
     3    12     1     2        0  0.0000E+00  0.4456E-03  0.0000E+00  0.0000E+00
     3    13     1     1        0  0.8473E-01  0.1805E+01  0.0000E+00  0.0000E+00
     3    13     1     2        0  0.0000E+00  0.8654E-03  0.0000E+00  0.0000E+00
     3    14     1     1        0  0.6409E-01  0.1332E+01  0.0000E+00  0.0000E+00
     3    14     1     2        0  0.0000E+00  0.6988E-03  0.0000E+00  0.0000E+00
     3    15     1     1        0  0.3865E-01  0.1492E+01  0.0000E+00  0.0000E+00
     3    15     1     2        0  0.0000E+00  0.6361E-03  0.0000E+00  0.0000E+00
     3    16     1     1        0  0.2066E-01  0.1680E+01  0.0000E+00  0.0000E+00
     3    16     1     2        0  0.0000E+00  0.3480E-03  0.0000E+00  0.0000E+00
     3    17     1     1        0  0.3074E-01  0.1224E+01  0.0000E+00  0.0000E+00
     3    17     1     2        0  0.0000E+00  0.3473E-03  0.0000E+00  0.0000E+00
     3    18     1     1        0  0.3373E-01  0.1162E+01  0.0000E+00  0.0000E+00
     3    18     1     2        0  0.0000E+00  0.2990E-03  0.0000E+00  0.0000E+00
     3    19     1     1        0  0.1430E-01  0.9023E+00  0.0000E+00  0.0000E+00
     3    19     1     2        0  0.0000E+00  0.1541E-03  0.0000E+00  0.0000E+00
     3    20     1     1        0  0.2414E-01  0.1041E+01  0.0000E+00  0.0000E+00
     3    20     1     2        0  0.0000E+00  0.2266E-03  0.0000E+00  0.0000E+00
     3    21     1     1        0  0.1667E-01  0.1186E+01  0.0000E+00  0.0000E+00
     3    21     1     2        0  0.0000E+00  0.2250E-03  0.0000E+00  0.0000E+00
     3    22     1     1        0  0.1118E-01  0.1027E+01  0.0000E+00  0.0000E+00
     3    22     1     2        0  0.0000E+00  0.8435E-04  0.0000E+00  0.0000E+00
     3    23     1     1        0  0.8959E-02  0.8884E+00  0.0000E+00  0.0000E+00
     3    23     1     2        0  0.0000E+00  0.8234E-04  0.0000E+00  0.0000E+00
     3    24     1     1        0  0.1185E-01  0.8993E+00  0.0000E+00  0.0000E+00
     3    24     1     2        0  0.0000E+00  0.1061E-03  0.0000E+00  0.0000E+00
     3    25     1     1        0  0.9615E-02  0.8970E+00  0.0000E+00  0.0000E+00
     3    25     1     2        0  0.0000E+00  0.7524E-04  0.0000E+00  0.0000E+00
     3    26     1     1        0  0.6317E-02  0.6440E+00  0.0000E+00  0.0000E+00
     3    26     1     2        0  0.0000E+00  0.6674E-04  0.0000E+00  0.0000E+00
     3    27     1     1        0  0.5562E-02  0.5365E+00  0.0000E+00  0.0000E+00
     3    27     1     2        0  0.0000E+00  0.5751E-04  0.0000E+00  0.0000E+00
     3    28     1     1        0  0.7146E-02  0.6389E+00  0.0000E+00  0.0000E+00
     3    28     1     2        0  0.0000E+00  0.5980E-04  0.0000E+00  0.0000E+00
     3    29     1     1        0  0.8843E-02  0.6990E+00  0.0000E+00  0.0000E+00
     3    29     1     2        0  0.0000E+00  0.1225E-03  0.0000E+00  0.0000E+00
     3    30     1     1        0  0.3894E-02  0.6950E+00  0.0000E+00  0.0000E+00
     3    30     1     2        0  0.0000E+00  0.5637E-04  0.0000E+00  0.0000E+00
