SUMMARY OF C0NVERGENCE INFORMATION
  STEP   INC  ATT   ITER     CONT.   RESID.        CORR.      RESID.      CORR.
                              EL.    FORCE         DISP       FLUX        TEMP.
                              (#)     (%)           (%)        (%)         (%)
     2     1     1     1        0  0.1390E+01  0.1076E+02  0.0000E+00  0.0000E+00
     2     1     1     2        0  0.0000E+00  0.4000E-01  0.0000E+00  0.0000E+00
     2     2     1     1        0  0.3219E+01  0.1062E+02  0.0000E+00  0.0000E+00
     2     2     1     2        0  0.0000E+00  0.7833E-01  0.0000E+00  0.0000E+00
     2     3     1     1        0  0.4710E+01  0.1684E+02  0.0000E+00  0.0000E+00
     2     3     1     2        0  0.1639E-03  0.1008E+00  0.0000E+00  0.0000E+00
     2     4     1     1        0  0.3685E+01  0.9352E+01  0.0000E+00  0.0000E+00
     2     4     1     2        0  0.1041E-03  0.7186E-01  0.0000E+00  0.0000E+00
     2     5     1     1        0  0.1784E+01  0.7797E+01  0.0000E+00  0.0000E+00
     2     5     1     2        0  0.0000E+00  0.3249E-01  0.0000E+00  0.0000E+00
     2     6     1     1        0  0.6883E+00  0.4399E+01  0.0000E+00  0.0000E+00
     2     6     1     2        0  0.0000E+00  0.1337E-01  0.0000E+00  0.0000E+00
     2     7     1     1        0  0.3093E+00  0.4096E+01  0.0000E+00  0.0000E+00
     2     7     1     2        0  0.0000E+00  0.7638E-02  0.0000E+00  0.0000E+00
     2     8     1     1        0  0.1735E+00  0.3488E+01  0.0000E+00  0.0000E+00
     2     8     1     2        0  0.0000E+00  0.2342E-02  0.0000E+00  0.0000E+00
     2     9     1     1        0  0.3341E+00  0.3829E+01  0.0000E+00  0.0000E+00
     2     9     1     2        0  0.0000E+00  0.6364E-02  0.0000E+00  0.0000E+00
     2    10     1     1        0  0.3993E+00  0.3864E+01  0.0000E+00  0.0000E+00
     2    10     1     2        0  0.0000E+00  0.7451E-02  0.0000E+00  0.0000E+00
