Run finished at Fri Feb 26 14:00:04 2021
Global runtime       = 519ms / 0.519s
Number of processors = 1
# Rank: 0

                                       Event |      Count |  Total[ms] |    Max[ms] |    Min[ms] |    Avg[ms] | Time Ratio |
----------------------------------------------------------------------------------------------------------------------------
                                     _GLOBAL |          1 |        519 |        519 |        519 |        519 |          1 |
                                     advance |         10 |        368 |         65 |          0 |         36 |      0.709 |
                     advance/m2n.receiveData |          9 |        367 |         65 |         34 |         40 |      0.707 |
                        advance/m2n.sendData |         10 |          0 |          0 |          0 |          0 |          0 |
                                   configure |          1 |          0 |          0 |          0 |          0 |          0 |
                                    finalize |          1 |          0 |          0 |          0 |          0 |          0 |
                                  initialize |          1 |         90 |         90 |         90 |         90 |      0.173 |
       initialize/m2n.acceptMasterConnection |          1 |          9 |          9 |          9 |          9 |     0.0173 |
       initialize/m2n.acceptSlavesConnection |          1 |          6 |          6 |          6 |          6 |     0.0116 |
 initialize/m2n.broadcastVertexDistributions |          1 |          0 |          0 |          0 |          0 |          0 |
        initialize/m2n.buildCommunicationMap |          1 |          0 |          0 |          0 |          0 |          0 |
         initialize/m2n.createCommunications |          1 |          2 |          2 |          2 |          2 |    0.00385 |
   initialize/m2n.exchangeVertexDistribution |          1 |          3 |          3 |          3 |          3 |    0.00578 |
                  initialize/m2n.receiveData |          1 |         72 |         72 |         72 |         72 |      0.139 |
       initialize/partition.gatherMesh.Solid |          1 |          0 |          0 |          0 |          0 |          0 |
      initialize/partition.prepareMesh.Solid |          1 |          0 |          0 |          0 |          0 |          0 |
   initialize/partition.sendGlobalMesh.Solid |          1 |          0 |          0 |          0 |          0 |          0 |
                              initializeData |          1 |          0 |          0 |          0 |          0 |          0 |
                              solver.advance |         10 |         54 |          7 |          1 |          5 |      0.104 |
                           solver.initialize |          1 |          5 |          5 |          5 |          5 |    0.00963 |


                                        Name |        Max |  MaxOnRank |        Min |  MinOnRank |    Min/Max |
---------------------------------------------------------------------------------------------------------------
                                     _GLOBAL |        519 |          0 |        519 |          0 |          1 |
                                     advance |         65 |          0 |          0 |          0 |          0 |
                     advance/m2n.receiveData |         65 |          0 |         34 |          0 |   0.523077 |
                        advance/m2n.sendData |          0 |          0 |          0 |          0 |          0 |
                                   configure |          0 |          0 |          0 |          0 |          0 |
                                    finalize |          0 |          0 |          0 |          0 |          0 |
                                  initialize |         90 |          0 |         90 |          0 |          1 |
       initialize/m2n.acceptMasterConnection |          9 |          0 |          9 |          0 |          1 |
       initialize/m2n.acceptSlavesConnection |          6 |          0 |          6 |          0 |          1 |
 initialize/m2n.broadcastVertexDistributions |          0 |          0 |          0 |          0 |          0 |
        initialize/m2n.buildCommunicationMap |          0 |          0 |          0 |          0 |          0 |
         initialize/m2n.createCommunications |          2 |          0 |          2 |          0 |          1 |
   initialize/m2n.exchangeVertexDistribution |          3 |          0 |          3 |          0 |          1 |
                  initialize/m2n.receiveData |         72 |          0 |         72 |          0 |          1 |
       initialize/partition.gatherMesh.Solid |          0 |          0 |          0 |          0 |          0 |
      initialize/partition.prepareMesh.Solid |          0 |          0 |          0 |          0 |          0 |
   initialize/partition.sendGlobalMesh.Solid |          0 |          0 |          0 |          0 |          0 |
                              initializeData |          0 |          0 |          0 |          0 |          0 |
                              solver.advance |          7 |          0 |          1 |          0 |   0.142857 |
                           solver.initialize |          5 |          0 |          5 |          0 |          1 |
